[debug] [2023-05-11T15:37:29.109Z] ----------------------------------------------------------------------
[debug] [2023-05-11T15:37:29.114Z] Command:       C:\Users\pierr\node.exe C:\Users\pierr\AppData\Roaming\npm\node_modules\firebase-tools\lib\bin\firebase.js login
[debug] [2023-05-11T15:37:29.115Z] CLI Version:   12.0.0
[debug] [2023-05-11T15:37:29.116Z] Platform:      win32
[debug] [2023-05-11T15:37:29.116Z] Node Version:  v18.16.0
[debug] [2023-05-11T15:37:29.118Z] Time:          Thu May 11 2023 18:37:29 GMT+0300 (East Africa Time)
[debug] [2023-05-11T15:37:29.118Z] ----------------------------------------------------------------------
[debug] 
[debug] [2023-05-11T15:37:29.148Z] >>> [apiv2][query] GET https://firebase-public.firebaseio.com/cli.json [none]
[info] i  Firebase optionally collects CLI and Emulator Suite usage and error reporting information to help improve our products. Data is collected in accordance with Google's privacy policy (https://policies.google.com/privacy) and is not used to identify you.
 
[debug] [2023-05-11T15:37:30.775Z] <<< [apiv2][status] GET https://firebase-public.firebaseio.com/cli.json 200
[debug] [2023-05-11T15:37:30.777Z] <<< [apiv2][body] GET https://firebase-public.firebaseio.com/cli.json {"cloudBuildErrorAfter":1594252800000,"cloudBuildWarnAfter":1590019200000,"defaultNode10After":1594252800000,"minVersion":"3.0.5","node8DeploysDisabledAfter":1613390400000,"node8RuntimeDisabledAfter":1615809600000,"node8WarnAfter":1600128000000}
[warn] !  Unable to fetch the CLI MOTD and remote config. 
[debug] [2023-05-11T15:37:30.782Z] Failed to fetch MOTD Error: EPERM: operation not permitted, mkdir 'C:\Users\pierr\.config\configstore'
[debug] [2023-05-11T15:38:29.946Z] Error: EPERM: operation not permitted, mkdir 'C:\Users\pierr\.config\configstore'
    at Object.mkdirSync (node:fs:1396:3)
    at module.exports.sync (C:\Users\pierr\AppData\Roaming\npm\node_modules\firebase-tools\node_modules\make-dir\index.js:114:6)
    at set all [as all] (C:\Users\pierr\AppData\Roaming\npm\node_modules\firebase-tools\node_modules\configstore\index.js:59:12)
    at Configstore.set (C:\Users\pierr\AppData\Roaming\npm\node_modules\firebase-tools\node_modules\configstore\index.js:91:12)
    at ensureUAVisitor (C:\Users\pierr\AppData\Roaming\npm\node_modules\firebase-tools\lib\track.js:23:39)
    at track (C:\Users\pierr\AppData\Roaming\npm\node_modules\firebase-tools\lib\track.js:35:5)
    at C:\Users\pierr\AppData\Roaming\npm\node_modules\firebase-tools\lib\command.js:116:39
    at process.processTicksAndRejections (node:internal/process/task_queues:95:5)
[error] 
[error] Error: An unexpected error has occurred.
[debug] [2023-05-11T15:38:30.391Z] Error: EPERM: operation not permitted, mkdir 'C:\Users\pierr\.config\configstore'
    at Object.mkdirSync (node:fs:1396:3)
    at module.exports.sync (C:\Users\pierr\AppData\Roaming\npm\node_modules\firebase-tools\node_modules\make-dir\index.js:114:6)
    at set all [as all] (C:\Users\pierr\AppData\Roaming\npm\node_modules\firebase-tools\node_modules\configstore\index.js:59:12)
    at Configstore.set (C:\Users\pierr\AppData\Roaming\npm\node_modules\firebase-tools\node_modules\configstore\index.js:91:12)
    at process.<anonymous> (C:\Users\pierr\AppData\Roaming\npm\node_modules\firebase-tools\lib\bin\firebase.js:102:35)
    at process.emit (node:events:525:35)
    at process.emit (node:domain:489:12)
    at process.exit (node:internal/process/per_thread:192:15)
    at Timeout._onTimeout (C:\Users\pierr\AppData\Roaming\npm\node_modules\firebase-tools\lib\errorOut.js:20:17)
    at listOnTimeout (node:internal/timers:569:17)
[error] 
[error] Error: An unexpected error has occurred.
[debug] [2023-05-11T15:38:46.399Z] ----------------------------------------------------------------------
[debug] [2023-05-11T15:38:46.401Z] Command:       C:\Users\pierr\node.exe C:\Users\pierr\AppData\Roaming\npm\node_modules\firebase-tools\lib\bin\firebase.js login
[debug] [2023-05-11T15:38:46.402Z] CLI Version:   12.0.0
[debug] [2023-05-11T15:38:46.402Z] Platform:      win32
[debug] [2023-05-11T15:38:46.402Z] Node Version:  v18.16.0
[debug] [2023-05-11T15:38:46.403Z] Time:          Thu May 11 2023 18:38:46 GMT+0300 (East Africa Time)
[debug] [2023-05-11T15:38:46.403Z] ----------------------------------------------------------------------
[debug] 
[debug] [2023-05-11T15:38:46.406Z] >>> [apiv2][query] GET https://firebase-public.firebaseio.com/cli.json [none]
[info] i  Firebase optionally collects CLI and Emulator Suite usage and error reporting information to help improve our products. Data is collected in accordance with Google's privacy policy (https://policies.google.com/privacy) and is not used to identify you.
 
[debug] [2023-05-11T15:38:48.183Z] <<< [apiv2][status] GET https://firebase-public.firebaseio.com/cli.json 200
[debug] [2023-05-11T15:38:48.184Z] <<< [apiv2][body] GET https://firebase-public.firebaseio.com/cli.json {"cloudBuildErrorAfter":1594252800000,"cloudBuildWarnAfter":1590019200000,"defaultNode10After":1594252800000,"minVersion":"3.0.5","node8DeploysDisabledAfter":1613390400000,"node8RuntimeDisabledAfter":1615809600000,"node8WarnAfter":1600128000000}
[warn] !  Unable to fetch the CLI MOTD and remote config. 
[debug] [2023-05-11T15:38:48.187Z] Failed to fetch MOTD Error: EPERM: operation not permitted, mkdir 'C:\Users\pierr\.config\configstore'
[debug] [2023-05-11T15:38:50.158Z] Error: EPERM: operation not permitted, mkdir 'C:\Users\pierr\.config\configstore'
    at Object.mkdirSync (node:fs:1396:3)
    at module.exports.sync (C:\Users\pierr\AppData\Roaming\npm\node_modules\firebase-tools\node_modules\make-dir\index.js:114:6)
    at set all [as all] (C:\Users\pierr\AppData\Roaming\npm\node_modules\firebase-tools\node_modules\configstore\index.js:59:12)
    at Configstore.set (C:\Users\pierr\AppData\Roaming\npm\node_modules\firebase-tools\node_modules\configstore\index.js:91:12)
    at ensureUAVisitor (C:\Users\pierr\AppData\Roaming\npm\node_modules\firebase-tools\lib\track.js:23:39)
    at track (C:\Users\pierr\AppData\Roaming\npm\node_modules\firebase-tools\lib\track.js:35:5)
    at C:\Users\pierr\AppData\Roaming\npm\node_modules\firebase-tools\lib\command.js:116:39
    at process.processTicksAndRejections (node:internal/process/task_queues:95:5)
[error] 
[error] Error: An unexpected error has occurred.
[debug] [2023-05-11T15:38:50.448Z] Error: EPERM: operation not permitted, mkdir 'C:\Users\pierr\.config\configstore'
    at Object.mkdirSync (node:fs:1396:3)
    at module.exports.sync (C:\Users\pierr\AppData\Roaming\npm\node_modules\firebase-tools\node_modules\make-dir\index.js:114:6)
    at set all [as all] (C:\Users\pierr\AppData\Roaming\npm\node_modules\firebase-tools\node_modules\configstore\index.js:59:12)
    at Configstore.set (C:\Users\pierr\AppData\Roaming\npm\node_modules\firebase-tools\node_modules\configstore\index.js:91:12)
    at process.<anonymous> (C:\Users\pierr\AppData\Roaming\npm\node_modules\firebase-tools\lib\bin\firebase.js:102:35)
    at process.emit (node:events:525:35)
    at process.emit (node:domain:489:12)
    at process.exit (node:internal/process/per_thread:192:15)
    at Timeout._onTimeout (C:\Users\pierr\AppData\Roaming\npm\node_modules\firebase-tools\lib\errorOut.js:20:17)
    at listOnTimeout (node:internal/timers:569:17)
[error] 
[error] Error: An unexpected error has occurred.
[debug] [2023-05-11T15:39:08.938Z] ----------------------------------------------------------------------
[debug] [2023-05-11T15:39:08.941Z] Command:       C:\Users\pierr\node.exe C:\Users\pierr\AppData\Roaming\npm\node_modules\firebase-tools\lib\bin\firebase.js login
[debug] [2023-05-11T15:39:08.941Z] CLI Version:   12.0.0
[debug] [2023-05-11T15:39:08.942Z] Platform:      win32
[debug] [2023-05-11T15:39:08.942Z] Node Version:  v18.16.0
[debug] [2023-05-11T15:39:08.942Z] Time:          Thu May 11 2023 18:39:08 GMT+0300 (East Africa Time)
[debug] [2023-05-11T15:39:08.943Z] ----------------------------------------------------------------------
[debug] 
[debug] [2023-05-11T15:39:08.945Z] >>> [apiv2][query] GET https://firebase-public.firebaseio.com/cli.json [none]
[info] i  Firebase optionally collects CLI and Emulator Suite usage and error reporting information to help improve our products. Data is collected in accordance with Google's privacy policy (https://policies.google.com/privacy) and is not used to identify you.
 
[debug] [2023-05-11T15:39:10.617Z] <<< [apiv2][status] GET https://firebase-public.firebaseio.com/cli.json 200
[debug] [2023-05-11T15:39:10.618Z] <<< [apiv2][body] GET https://firebase-public.firebaseio.com/cli.json {"cloudBuildErrorAfter":1594252800000,"cloudBuildWarnAfter":1590019200000,"defaultNode10After":1594252800000,"minVersion":"3.0.5","node8DeploysDisabledAfter":1613390400000,"node8RuntimeDisabledAfter":1615809600000,"node8WarnAfter":1600128000000}
[warn] !  Unable to fetch the CLI MOTD and remote config. 
[debug] [2023-05-11T15:39:10.622Z] Failed to fetch MOTD Error: EPERM: operation not permitted, mkdir 'C:\Users\pierr\.config\configstore'
[debug] [2023-05-11T15:39:30.747Z] Error: EPERM: operation not permitted, mkdir 'C:\Users\pierr\.config\configstore'
    at Object.mkdirSync (node:fs:1396:3)
    at module.exports.sync (C:\Users\pierr\AppData\Roaming\npm\node_modules\firebase-tools\node_modules\make-dir\index.js:114:6)
    at set all [as all] (C:\Users\pierr\AppData\Roaming\npm\node_modules\firebase-tools\node_modules\configstore\index.js:59:12)
    at Configstore.set (C:\Users\pierr\AppData\Roaming\npm\node_modules\firebase-tools\node_modules\configstore\index.js:91:12)
    at ensureUAVisitor (C:\Users\pierr\AppData\Roaming\npm\node_modules\firebase-tools\lib\track.js:23:39)
    at track (C:\Users\pierr\AppData\Roaming\npm\node_modules\firebase-tools\lib\track.js:35:5)
    at C:\Users\pierr\AppData\Roaming\npm\node_modules\firebase-tools\lib\command.js:116:39
    at process.processTicksAndRejections (node:internal/process/task_queues:95:5)
[error] 
[error] Error: An unexpected error has occurred.
[debug] [2023-05-11T15:39:31.049Z] Error: EPERM: operation not permitted, mkdir 'C:\Users\pierr\.config\configstore'
    at Object.mkdirSync (node:fs:1396:3)
    at module.exports.sync (C:\Users\pierr\AppData\Roaming\npm\node_modules\firebase-tools\node_modules\make-dir\index.js:114:6)
    at set all [as all] (C:\Users\pierr\AppData\Roaming\npm\node_modules\firebase-tools\node_modules\configstore\index.js:59:12)
    at Configstore.set (C:\Users\pierr\AppData\Roaming\npm\node_modules\firebase-tools\node_modules\configstore\index.js:91:12)
    at process.<anonymous> (C:\Users\pierr\AppData\Roaming\npm\node_modules\firebase-tools\lib\bin\firebase.js:102:35)
    at process.emit (node:events:525:35)
    at process.emit (node:domain:489:12)
    at process.exit (node:internal/process/per_thread:192:15)
    at Timeout._onTimeout (C:\Users\pierr\AppData\Roaming\npm\node_modules\firebase-tools\lib\errorOut.js:20:17)
    at listOnTimeout (node:internal/timers:569:17)
[error] 
[error] Error: An unexpected error has occurred.
